<?xml version="1.0" encoding="UTF-8"?>
<testng-results skipped="0" failed="2" total="11" passed="9">
  <reporter-output>
  </reporter-output>
  <suite name="Suite" duration-ms="110629" started-at="2017-08-03T08:48:53Z" finished-at="2017-08-03T08:50:43Z">
    <groups>
    </groups>
    <test name="Test" duration-ms="110629" started-at="2017-08-03T08:48:53Z" finished-at="2017-08-03T08:50:43Z">
      <class name="com.qait.automation.mail.test.MailAutomation">
        <test-method status="PASS" signature="T1_verifyLoginFunctionality()[pri:0, instance:com.qait.automation.mail.test.MailAutomation@c038203]" name="T1_verifyLoginFunctionality" duration-ms="9004" started-at="2017-08-03T14:18:53Z" finished-at="2017-08-03T14:19:02Z">
          <reporter-output>
          </reporter-output>
        </test-method> <!-- T1_verifyLoginFunctionality -->
        <test-method status="FAIL" signature="T2_verifyComposeNewMailFunctionality(java.lang.String, java.lang.String, java.lang.String)[pri:0, instance:com.qait.automation.mail.test.MailAutomation@c038203]" name="T2_verifyComposeNewMailFunctionality" duration-ms="19328" started-at="2017-08-03T14:19:02Z" data-provider="mydata" finished-at="2017-08-03T14:19:21Z">
          <params>
            <param index="0">
              <value>
                <![CDATA[mohdkamranqait@gmail.com]]>
              </value>
            </param>
            <param index="1">
              <value>
                <![CDATA[Mail to Kamran  AA]]>
              </value>
            </param>
            <param index="2">
              <value>
                <![CDATA[Hello Kamran  AA]]>
              </value>
            </param>
          </params>
          <exception class="org.openqa.selenium.ElementNotVisibleException">
            <message>
              <![CDATA[element not visible
  (Session info: chrome=59.0.3071.115)
  (Driver info: chromedriver=2.30.477700 (0057494ad8732195794a7b32078424f92a5fce41),platform=Windows NT 10.0.10240 x86_64) (WARNING: The server did not provide any stacktrace information)
Command duration or timeout: 530 milliseconds
Build info: version: '3.4.0', revision: 'unknown', time: 'unknown'
System info: host: 'ASDP1727PO02529', ip: '10.0.9.157', os.name: 'Windows 10', os.arch: 'amd64', os.version: '10.0', java.version: '1.8.0_131'
Driver info: org.openqa.selenium.chrome.ChromeDriver
Capabilities [{applicationCacheEnabled=false, rotatable=false, mobileEmulationEnabled=false, networkConnectionEnabled=false, chrome={chromedriverVersion=2.30.477700 (0057494ad8732195794a7b32078424f92a5fce41), userDataDir=C:\Users\MOHDKA~1\AppData\Local\Temp\scoped_dir19348_13408}, takesHeapSnapshot=true, pageLoadStrategy=normal, databaseEnabled=false, handlesAlerts=true, hasTouchScreen=false, version=59.0.3071.115, platform=XP, browserConnectionEnabled=false, nativeEvents=true, acceptSslCerts=true, locationContextEnabled=true, webStorageEnabled=true, browserName=chrome, takesScreenshot=true, javascriptEnabled=true, cssSelectorsEnabled=true, unexpectedAlertBehaviour=}]
Session ID: e271323736582306e12f0de03e75787b]]>
            </message>
            <full-stacktrace>
              <![CDATA[org.openqa.selenium.ElementNotVisibleException: element not visible
  (Session info: chrome=59.0.3071.115)
  (Driver info: chromedriver=2.30.477700 (0057494ad8732195794a7b32078424f92a5fce41),platform=Windows NT 10.0.10240 x86_64) (WARNING: The server did not provide any stacktrace information)
Command duration or timeout: 530 milliseconds
Build info: version: '3.4.0', revision: 'unknown', time: 'unknown'
System info: host: 'ASDP1727PO02529', ip: '10.0.9.157', os.name: 'Windows 10', os.arch: 'amd64', os.version: '10.0', java.version: '1.8.0_131'
Driver info: org.openqa.selenium.chrome.ChromeDriver
Capabilities [{applicationCacheEnabled=false, rotatable=false, mobileEmulationEnabled=false, networkConnectionEnabled=false, chrome={chromedriverVersion=2.30.477700 (0057494ad8732195794a7b32078424f92a5fce41), userDataDir=C:\Users\MOHDKA~1\AppData\Local\Temp\scoped_dir19348_13408}, takesHeapSnapshot=true, pageLoadStrategy=normal, databaseEnabled=false, handlesAlerts=true, hasTouchScreen=false, version=59.0.3071.115, platform=XP, browserConnectionEnabled=false, nativeEvents=true, acceptSslCerts=true, locationContextEnabled=true, webStorageEnabled=true, browserName=chrome, takesScreenshot=true, javascriptEnabled=true, cssSelectorsEnabled=true, unexpectedAlertBehaviour=}]
Session ID: e271323736582306e12f0de03e75787b
	at sun.reflect.NativeConstructorAccessorImpl.newInstance0(Native Method)
	at sun.reflect.NativeConstructorAccessorImpl.newInstance(NativeConstructorAccessorImpl.java:62)
	at sun.reflect.DelegatingConstructorAccessorImpl.newInstance(DelegatingConstructorAccessorImpl.java:45)
	at java.lang.reflect.Constructor.newInstance(Constructor.java:423)
	at org.openqa.selenium.remote.ErrorHandler.createThrowable(ErrorHandler.java:215)
	at org.openqa.selenium.remote.ErrorHandler.throwIfResponseFailed(ErrorHandler.java:167)
	at org.openqa.selenium.remote.RemoteWebDriver.execute(RemoteWebDriver.java:671)
	at org.openqa.selenium.remote.RemoteWebElement.execute(RemoteWebElement.java:272)
	at org.openqa.selenium.remote.RemoteWebElement.click(RemoteWebElement.java:82)
	at com.qait.automation.mail.keywords.ComposeMailActions.verifyComposeMail(ComposeMailActions.java:29)
	at com.qait.automation.mail.test.MailAutomation.T2_verifyComposeNewMailFunctionality(MailAutomation.java:48)
	at sun.reflect.NativeMethodAccessorImpl.invoke0(Native Method)
	at sun.reflect.NativeMethodAccessorImpl.invoke(NativeMethodAccessorImpl.java:62)
	at sun.reflect.DelegatingMethodAccessorImpl.invoke(DelegatingMethodAccessorImpl.java:43)
	at java.lang.reflect.Method.invoke(Method.java:498)
	at org.testng.internal.MethodInvocationHelper.invokeMethod(MethodInvocationHelper.java:80)
	at org.testng.internal.Invoker.invokeMethod(Invoker.java:714)
	at org.testng.internal.Invoker.invokeTestMethod(Invoker.java:901)
	at org.testng.internal.TestMethodWithDataProviderMethodWorker.call(TestMethodWithDataProviderMethodWorker.java:73)
	at org.testng.internal.TestMethodWithDataProviderMethodWorker.call(TestMethodWithDataProviderMethodWorker.java:14)
	at java.util.concurrent.FutureTask.run(FutureTask.java:266)
	at java.util.concurrent.Executors$RunnableAdapter.call(Executors.java:511)
	at java.util.concurrent.FutureTask.run(FutureTask.java:266)
	at java.util.concurrent.ThreadPoolExecutor.runWorker(ThreadPoolExecutor.java:1142)
	at java.util.concurrent.ThreadPoolExecutor$Worker.run(ThreadPoolExecutor.java:617)
	at java.lang.Thread.run(Thread.java:748)
]]>
            </full-stacktrace>
          </exception> <!-- org.openqa.selenium.ElementNotVisibleException -->
          <reporter-output>
          </reporter-output>
        </test-method> <!-- T2_verifyComposeNewMailFunctionality -->
        <test-method status="PASS" signature="T2_verifyComposeNewMailFunctionality(java.lang.String, java.lang.String, java.lang.String)[pri:0, instance:com.qait.automation.mail.test.MailAutomation@c038203]" name="T2_verifyComposeNewMailFunctionality" duration-ms="22735" started-at="2017-08-03T14:19:02Z" data-provider="mydata" finished-at="2017-08-03T14:19:25Z">
          <params>
            <param index="0">
              <value>
                <![CDATA[mohdkamran@qainfotech.com]]>
              </value>
            </param>
            <param index="1">
              <value>
                <![CDATA[Mail to qait  BB]]>
              </value>
            </param>
            <param index="2">
              <value>
                <![CDATA[helloooooo   BB]]>
              </value>
            </param>
          </params>
          <reporter-output>
          </reporter-output>
        </test-method> <!-- T2_verifyComposeNewMailFunctionality -->
        <test-method status="FAIL" signature="T2_verifyComposeNewMailFunctionality(java.lang.String, java.lang.String, java.lang.String)[pri:0, instance:com.qait.automation.mail.test.MailAutomation@c038203]" name="T2_verifyComposeNewMailFunctionality" duration-ms="14549" started-at="2017-08-03T14:19:21Z" data-provider="mydata" finished-at="2017-08-03T14:19:36Z">
          <params>
            <param index="0">
              <value>
                <![CDATA[mohdkamranqait@gmail.com]]>
              </value>
            </param>
            <param index="1">
              <value>
                <![CDATA[Mail to Kamran CC]]>
              </value>
            </param>
            <param index="2">
              <value>
                <![CDATA[Hello Kamran CC]]>
              </value>
            </param>
          </params>
          <exception class="org.openqa.selenium.NoSuchElementException">
            <message>
              <![CDATA[no such element: Unable to locate element: {"method":"xpath","selector":"//div[@id='zb__NEW_MENU']//td[@id='zb__NEW_MENU_title']"}
  (Session info: chrome=59.0.3071.115)
  (Driver info: chromedriver=2.30.477700 (0057494ad8732195794a7b32078424f92a5fce41),platform=Windows NT 10.0.10240 x86_64) (WARNING: The server did not provide any stacktrace information)
Command duration or timeout: 22 milliseconds
For documentation on this error, please visit: http://seleniumhq.org/exceptions/no_such_element.html
Build info: version: '3.4.0', revision: 'unknown', time: 'unknown'
System info: host: 'ASDP1727PO02529', ip: '10.0.9.157', os.name: 'Windows 10', os.arch: 'amd64', os.version: '10.0', java.version: '1.8.0_131'
Driver info: org.openqa.selenium.chrome.ChromeDriver
Capabilities [{applicationCacheEnabled=false, rotatable=false, mobileEmulationEnabled=false, networkConnectionEnabled=false, chrome={chromedriverVersion=2.30.477700 (0057494ad8732195794a7b32078424f92a5fce41), userDataDir=C:\Users\MOHDKA~1\AppData\Local\Temp\scoped_dir16280_9367}, takesHeapSnapshot=true, pageLoadStrategy=normal, databaseEnabled=false, handlesAlerts=true, hasTouchScreen=false, version=59.0.3071.115, platform=XP, browserConnectionEnabled=false, nativeEvents=true, acceptSslCerts=true, locationContextEnabled=true, webStorageEnabled=true, browserName=chrome, takesScreenshot=true, javascriptEnabled=true, cssSelectorsEnabled=true, unexpectedAlertBehaviour=}]
Session ID: 8473add950319844ef95a1720bcac33f
*** Element info: {Using=xpath, value=//div[@id='zb__NEW_MENU']//td[@id='zb__NEW_MENU_title']}]]>
            </message>
            <full-stacktrace>
              <![CDATA[org.openqa.selenium.NoSuchElementException: no such element: Unable to locate element: {"method":"xpath","selector":"//div[@id='zb__NEW_MENU']//td[@id='zb__NEW_MENU_title']"}
  (Session info: chrome=59.0.3071.115)
  (Driver info: chromedriver=2.30.477700 (0057494ad8732195794a7b32078424f92a5fce41),platform=Windows NT 10.0.10240 x86_64) (WARNING: The server did not provide any stacktrace information)
Command duration or timeout: 22 milliseconds
For documentation on this error, please visit: http://seleniumhq.org/exceptions/no_such_element.html
Build info: version: '3.4.0', revision: 'unknown', time: 'unknown'
System info: host: 'ASDP1727PO02529', ip: '10.0.9.157', os.name: 'Windows 10', os.arch: 'amd64', os.version: '10.0', java.version: '1.8.0_131'
Driver info: org.openqa.selenium.chrome.ChromeDriver
Capabilities [{applicationCacheEnabled=false, rotatable=false, mobileEmulationEnabled=false, networkConnectionEnabled=false, chrome={chromedriverVersion=2.30.477700 (0057494ad8732195794a7b32078424f92a5fce41), userDataDir=C:\Users\MOHDKA~1\AppData\Local\Temp\scoped_dir16280_9367}, takesHeapSnapshot=true, pageLoadStrategy=normal, databaseEnabled=false, handlesAlerts=true, hasTouchScreen=false, version=59.0.3071.115, platform=XP, browserConnectionEnabled=false, nativeEvents=true, acceptSslCerts=true, locationContextEnabled=true, webStorageEnabled=true, browserName=chrome, takesScreenshot=true, javascriptEnabled=true, cssSelectorsEnabled=true, unexpectedAlertBehaviour=}]
Session ID: 8473add950319844ef95a1720bcac33f
*** Element info: {Using=xpath, value=//div[@id='zb__NEW_MENU']//td[@id='zb__NEW_MENU_title']}
	at sun.reflect.NativeConstructorAccessorImpl.newInstance0(Native Method)
	at sun.reflect.NativeConstructorAccessorImpl.newInstance(NativeConstructorAccessorImpl.java:62)
	at sun.reflect.DelegatingConstructorAccessorImpl.newInstance(DelegatingConstructorAccessorImpl.java:45)
	at java.lang.reflect.Constructor.newInstance(Constructor.java:423)
	at org.openqa.selenium.remote.ErrorHandler.createThrowable(ErrorHandler.java:215)
	at org.openqa.selenium.remote.ErrorHandler.throwIfResponseFailed(ErrorHandler.java:167)
	at org.openqa.selenium.remote.RemoteWebDriver.execute(RemoteWebDriver.java:671)
	at org.openqa.selenium.remote.RemoteWebDriver.findElement(RemoteWebDriver.java:410)
	at org.openqa.selenium.remote.RemoteWebDriver.findElementByXPath(RemoteWebDriver.java:509)
	at org.openqa.selenium.By$ByXPath.findElement(By.java:361)
	at org.openqa.selenium.remote.RemoteWebDriver.findElement(RemoteWebDriver.java:402)
	at com.qait.automation.mail.keywords.ComposeMailActions.verifyComposeMail(ComposeMailActions.java:29)
	at com.qait.automation.mail.test.MailAutomation.T2_verifyComposeNewMailFunctionality(MailAutomation.java:48)
	at sun.reflect.NativeMethodAccessorImpl.invoke0(Native Method)
	at sun.reflect.NativeMethodAccessorImpl.invoke(NativeMethodAccessorImpl.java:62)
	at sun.reflect.DelegatingMethodAccessorImpl.invoke(DelegatingMethodAccessorImpl.java:43)
	at java.lang.reflect.Method.invoke(Method.java:498)
	at org.testng.internal.MethodInvocationHelper.invokeMethod(MethodInvocationHelper.java:80)
	at org.testng.internal.Invoker.invokeMethod(Invoker.java:714)
	at org.testng.internal.Invoker.invokeTestMethod(Invoker.java:901)
	at org.testng.internal.TestMethodWithDataProviderMethodWorker.call(TestMethodWithDataProviderMethodWorker.java:73)
	at org.testng.internal.TestMethodWithDataProviderMethodWorker.call(TestMethodWithDataProviderMethodWorker.java:14)
	at java.util.concurrent.FutureTask.run(FutureTask.java:266)
	at java.util.concurrent.Executors$RunnableAdapter.call(Executors.java:511)
	at java.util.concurrent.FutureTask.run(FutureTask.java:266)
	at java.util.concurrent.ThreadPoolExecutor.runWorker(ThreadPoolExecutor.java:1142)
	at java.util.concurrent.ThreadPoolExecutor$Worker.run(ThreadPoolExecutor.java:617)
	at java.lang.Thread.run(Thread.java:748)
]]>
            </full-stacktrace>
          </exception> <!-- org.openqa.selenium.NoSuchElementException -->
          <reporter-output>
          </reporter-output>
        </test-method> <!-- T2_verifyComposeNewMailFunctionality -->
        <test-method status="PASS" signature="T2_verifyComposeNewMailFunctionality(java.lang.String, java.lang.String, java.lang.String)[pri:0, instance:com.qait.automation.mail.test.MailAutomation@c038203]" name="T2_verifyComposeNewMailFunctionality" duration-ms="19006" started-at="2017-08-03T14:19:25Z" data-provider="mydata" finished-at="2017-08-03T14:19:44Z">
          <params>
            <param index="0">
              <value>
                <![CDATA[mohdkamranqait@gmail.com]]>
              </value>
            </param>
            <param index="1">
              <value>
                <![CDATA[Mail to Kamran]]>
              </value>
            </param>
            <param index="2">
              <value>
                <![CDATA[Hello Kamran]]>
              </value>
            </param>
          </params>
          <reporter-output>
          </reporter-output>
        </test-method> <!-- T2_verifyComposeNewMailFunctionality -->
        <test-method status="PASS" signature="T2_verifyComposeNewMailFunctionality(java.lang.String, java.lang.String, java.lang.String)[pri:0, instance:com.qait.automation.mail.test.MailAutomation@c038203]" name="T2_verifyComposeNewMailFunctionality" duration-ms="20349" started-at="2017-08-03T14:19:36Z" data-provider="mydata" finished-at="2017-08-03T14:19:56Z">
          <params>
            <param index="0">
              <value>
                <![CDATA[mohdkamran@qainfotech.com]]>
              </value>
            </param>
            <param index="1">
              <value>
                <![CDATA[Mail to qait]]>
              </value>
            </param>
            <param index="2">
              <value>
                <![CDATA[helloooooo]]>
              </value>
            </param>
          </params>
          <reporter-output>
          </reporter-output>
        </test-method> <!-- T2_verifyComposeNewMailFunctionality -->
        <test-method status="PASS" signature="T2_verifyComposeNewMailFunctionality(java.lang.String, java.lang.String, java.lang.String)[pri:0, instance:com.qait.automation.mail.test.MailAutomation@c038203]" name="T2_verifyComposeNewMailFunctionality" duration-ms="20188" started-at="2017-08-03T14:19:44Z" data-provider="mydata" finished-at="2017-08-03T14:20:04Z">
          <params>
            <param index="0">
              <value>
                <![CDATA[mohdkamranqait@gmail.com]]>
              </value>
            </param>
            <param index="1">
              <value>
                <![CDATA[Mail to Kamran 1]]>
              </value>
            </param>
            <param index="2">
              <value>
                <![CDATA[Hello Kamran1]]>
              </value>
            </param>
          </params>
          <reporter-output>
          </reporter-output>
        </test-method> <!-- T2_verifyComposeNewMailFunctionality -->
        <test-method status="PASS" signature="T2_verifyComposeNewMailFunctionality(java.lang.String, java.lang.String, java.lang.String)[pri:0, instance:com.qait.automation.mail.test.MailAutomation@c038203]" name="T2_verifyComposeNewMailFunctionality" duration-ms="19048" started-at="2017-08-03T14:19:56Z" data-provider="mydata" finished-at="2017-08-03T14:20:15Z">
          <params>
            <param index="0">
              <value>
                <![CDATA[mohdkamranqait@gmail.com]]>
              </value>
            </param>
            <param index="1">
              <value>
                <![CDATA[Mail to Kamran 2]]>
              </value>
            </param>
            <param index="2">
              <value>
                <![CDATA[Hello Kamran2]]>
              </value>
            </param>
          </params>
          <reporter-output>
          </reporter-output>
        </test-method> <!-- T2_verifyComposeNewMailFunctionality -->
        <test-method status="PASS" signature="T2_verifyComposeNewMailFunctionality(java.lang.String, java.lang.String, java.lang.String)[pri:0, instance:com.qait.automation.mail.test.MailAutomation@c038203]" name="T2_verifyComposeNewMailFunctionality" duration-ms="18857" started-at="2017-08-03T14:20:04Z" data-provider="mydata" finished-at="2017-08-03T14:20:23Z">
          <params>
            <param index="0">
              <value>
                <![CDATA[mohdkamranqait@gmail.com]]>
              </value>
            </param>
            <param index="1">
              <value>
                <![CDATA[Mail to Kamran3]]>
              </value>
            </param>
            <param index="2">
              <value>
                <![CDATA[Hello Kamran3]]>
              </value>
            </param>
          </params>
          <reporter-output>
          </reporter-output>
        </test-method> <!-- T2_verifyComposeNewMailFunctionality -->
        <test-method status="PASS" signature="T2_verifyComposeNewMailFunctionality(java.lang.String, java.lang.String, java.lang.String)[pri:0, instance:com.qait.automation.mail.test.MailAutomation@c038203]" name="T2_verifyComposeNewMailFunctionality" duration-ms="19176" started-at="2017-08-03T14:20:15Z" data-provider="mydata" finished-at="2017-08-03T14:20:35Z">
          <params>
            <param index="0">
              <value>
                <![CDATA[mohdkamranqait@gmail.com]]>
              </value>
            </param>
            <param index="1">
              <value>
                <![CDATA[Mail to Kamran4]]>
              </value>
            </param>
            <param index="2">
              <value>
                <![CDATA[Hello Kamran4]]>
              </value>
            </param>
          </params>
          <reporter-output>
          </reporter-output>
        </test-method> <!-- T2_verifyComposeNewMailFunctionality -->
        <test-method status="PASS" signature="T2_verifyComposeNewMailFunctionality(java.lang.String, java.lang.String, java.lang.String)[pri:0, instance:com.qait.automation.mail.test.MailAutomation@c038203]" name="T2_verifyComposeNewMailFunctionality" duration-ms="18900" started-at="2017-08-03T14:20:23Z" data-provider="mydata" finished-at="2017-08-03T14:20:42Z">
          <params>
            <param index="0">
              <value>
                <![CDATA[mohdkamranqait@gmail.com]]>
              </value>
            </param>
            <param index="1">
              <value>
                <![CDATA[Mail to Kamran5]]>
              </value>
            </param>
            <param index="2">
              <value>
                <![CDATA[Hello Kamran5]]>
              </value>
            </param>
          </params>
          <reporter-output>
          </reporter-output>
        </test-method> <!-- T2_verifyComposeNewMailFunctionality -->
        <test-method status="PASS" signature="destroySession()[pri:0, instance:com.qait.automation.mail.test.MailAutomation@c038203]" name="destroySession" is-config="true" duration-ms="1572" started-at="2017-08-03T14:20:42Z" finished-at="2017-08-03T14:20:43Z">
          <reporter-output>
          </reporter-output>
        </test-method> <!-- destroySession -->
      </class> <!-- com.qait.automation.mail.test.MailAutomation -->
    </test> <!-- Test -->
  </suite> <!-- Suite -->
</testng-results>
